<?xml version="1.0" encoding="UTF-8"?>
<!-- Generated by org.testng.reporters.JUnitReportReporter -->
<testsuite hostname="DESKTOP-N46G1GJ" failures="0" tests="1" name="electronics.TC_DWS_007_Test" time="6.499" errors="0" timestamp="2024-11-11T22:02:43 IST" skipped="0">
  <testcase classname="electronics.TC_DWS_007_Test" name="clickOnElectronics" time="6.499"/>
</testsuite> <!-- electronics.TC_DWS_007_Test -->
