<?xml version="1.0" encoding="UTF-8"?>
<!-- Generated by org.testng.reporters.JUnitReportReporter -->
<testsuite hostname="DESKTOP-N46G1GJ" failures="0" tests="1" name="computers.TC_DWS_006_Test" time="3.681" errors="0" timestamp="2024-11-11T22:02:43 IST" skipped="0">
  <testcase classname="computers.TC_DWS_006_Test" name="clickOnComputers" time="3.681"/>
</testsuite> <!-- computers.TC_DWS_006_Test -->
