<?xml version="1.0" encoding="UTF-8"?>
<!-- Generated by org.testng.reporters.JUnitReportReporter -->
<testsuite hostname="DESKTOP-N46G1GJ" failures="0" tests="1" name="books.TC_DWS_005_Test" time="3.959" errors="0" timestamp="2024-11-13T00:38:10 IST" skipped="0">
  <testcase classname="books.TC_DWS_005_Test" name="clickOnBooks" time="3.959"/>
</testsuite> <!-- books.TC_DWS_005_Test -->
